Using pre-set license
Built from '2021.3/staging' branch; Version is '2021.3.22f1 (b6c551784ba3) revision 11978065'; Using compiler version '192829333'; Build Type 'Release'
OS: 'Windows 10  (10.0.19045) 64bit Professional' Language: 'ko' Physical Memory: 16266 MB
BatchMode: 1, IsHumanControllingUs: 0, StartBugReporterOnCrash: 0, Is64bit: 1, IsPro: 1

COMMAND LINE ARGUMENTS:
C:\Program Files\Unity\Hub\Editor\2021.3.22f1\Editor\Unity.exe
-adb2
-batchMode
-noUpm
-name
AssetImportWorker11
-projectPath
D:/Unity/PuzzleGame
-logFile
Logs/AssetImportWorker11.log
-srvPort
61214
Successfully changed project path to: D:/Unity/PuzzleGame
D:/Unity/PuzzleGame
[UnityMemory] Configuration Parameters - Can be set up in boot.config
    "memorysetup-bucket-allocator-granularity=16"
    "memorysetup-bucket-allocator-bucket-count=8"
    "memorysetup-bucket-allocator-block-size=33554432"
    "memorysetup-bucket-allocator-block-count=8"
    "memorysetup-main-allocator-block-size=16777216"
    "memorysetup-thread-allocator-block-size=16777216"
    "memorysetup-gfx-main-allocator-block-size=16777216"
    "memorysetup-gfx-thread-allocator-block-size=16777216"
    "memorysetup-cache-allocator-block-size=4194304"
    "memorysetup-typetree-allocator-block-size=2097152"
    "memorysetup-profiler-bucket-allocator-granularity=16"
    "memorysetup-profiler-bucket-allocator-bucket-count=8"
    "memorysetup-profiler-bucket-allocator-block-size=33554432"
    "memorysetup-profiler-bucket-allocator-block-count=8"
    "memorysetup-profiler-allocator-block-size=16777216"
    "memorysetup-profiler-editor-allocator-block-size=1048576"
    "memorysetup-temp-allocator-size-main=16777216"
    "memorysetup-job-temp-allocator-block-size=2097152"
    "memorysetup-job-temp-allocator-block-size-background=1048576"
    "memorysetup-job-temp-allocator-reduction-small-platforms=262144"
    "memorysetup-temp-allocator-size-background-worker=32768"
    "memorysetup-temp-allocator-size-job-worker=262144"
    "memorysetup-temp-allocator-size-preload-manager=33554432"
    "memorysetup-temp-allocator-size-nav-mesh-worker=65536"
    "memorysetup-temp-allocator-size-audio-worker=65536"
    "memorysetup-temp-allocator-size-cloud-worker=32768"
    "memorysetup-temp-allocator-size-gi-baking-worker=262144"
    "memorysetup-temp-allocator-size-gfx=262144"
Player connection [6952] Host "[IP] 192.168.0.2 [Port] 0 [Flags] 2 [Guid] 206660115 [EditorId] 206660115 [Version] 1048832 [Id] WindowsEditor(7,301-15) [Debug] 1 [PackageName] WindowsEditor [ProjectName] Editor" joined multi-casting on [225.0.0.222:54997]...

Player connection [6952] Host "[IP] 192.168.0.2 [Port] 0 [Flags] 2 [Guid] 206660115 [EditorId] 206660115 [Version] 1048832 [Id] WindowsEditor(7,301-15) [Debug] 1 [PackageName] WindowsEditor [ProjectName] Editor" joined alternative multi-casting on [225.0.0.222:34997]...

Refreshing native plugins compatible for Editor in 174.92 ms, found 4 plugins.
Preloading 0 native plugins for Editor in 0.00 ms.
Initialize engine version: 2021.3.22f1 (b6c551784ba3)
[Subsystems] Discovering subsystems at path C:/Program Files/Unity/Hub/Editor/2021.3.22f1/Editor/Data/Resources/UnitySubsystems
[Subsystems] Discovering subsystems at path D:/Unity/PuzzleGame/Assets
GfxDevice: creating device client; threaded=0; jobified=0
Direct3D:
    Version:  Direct3D 11.0 [level 11.1]
    Renderer: NVIDIA GeForce GTX 1060 3GB (ID=0x1c02)
    Vendor:   NVIDIA
    VRAM:     2979 MB
    Driver:   31.0.15.3623
Initialize mono
Mono path[0] = 'C:/Program Files/Unity/Hub/Editor/2021.3.22f1/Editor/Data/Managed'
Mono path[1] = 'C:/Program Files/Unity/Hub/Editor/2021.3.22f1/Editor/Data/MonoBleedingEdge/lib/mono/unityjit-win32'
Mono config path = 'C:/Program Files/Unity/Hub/Editor/2021.3.22f1/Editor/Data/MonoBleedingEdge/etc'
Using monoOptions --debugger-agent=transport=dt_socket,embedding=1,server=y,suspend=n,address=127.0.0.1:56312
Begin MonoManager ReloadAssembly
Registering precompiled unity dll's ...
Register platform support module: C:/Program Files/Unity/Hub/Editor/2021.3.22f1/Editor/Data/PlaybackEngines/AndroidPlayer/UnityEditor.Android.Extensions.dll
Register platform support module: C:/Program Files/Unity/Hub/Editor/2021.3.22f1/Editor/Data/PlaybackEngines/WindowsStandaloneSupport/UnityEditor.WindowsStandalone.Extensions.dll
Registered in 0.009843 seconds.
Native extension for WindowsStandalone target not found
Native extension for Android target not found
Android Extension - Scanning For ADB Devices 382 ms
Refreshing native plugins compatible for Editor in 138.40 ms, found 4 plugins.
Preloading 0 native plugins for Editor in 0.00 ms.
Mono: successfully reloaded assembly
- Completed reload, in  1.455 seconds
Domain Reload Profiling:
	ReloadAssembly (1456ms)
		BeginReloadAssembly (117ms)
			ExecutionOrderSort (0ms)
			DisableScriptedObjects (0ms)
			BackupInstance (0ms)
			ReleaseScriptingObjects (0ms)
			CreateAndSetChildDomain (1ms)
		EndReloadAssembly (1199ms)
			LoadAssemblies (114ms)
			RebuildTransferFunctionScriptingTraits (0ms)
			SetupTypeCache (203ms)
			ReleaseScriptCaches (0ms)
			RebuildScriptCaches (50ms)
			SetupLoadedEditorAssemblies (859ms)
				LogAssemblyErrors (0ms)
				InitializePlatformSupportModulesInManaged (499ms)
				SetLoadedEditorAssemblies (0ms)
				RefreshPlugins (138ms)
				BeforeProcessingInitializeOnLoad (2ms)
				ProcessInitializeOnLoadAttributes (140ms)
				ProcessInitializeOnLoadMethodAttributes (78ms)
				AfterProcessingInitializeOnLoad (0ms)
				EditorAssembliesLoaded (0ms)
			ExecutionOrderSort2 (0ms)
			AwakeInstancesAfterBackupRestoration (0ms)
Platform modules already initialized, skipping
Registering precompiled user dll's ...
Registered in 0.008273 seconds.
Begin MonoManager ReloadAssembly
Symbol file LoadedFromMemory doesn't match image D:\Unity\PuzzleGame\Library\PackageCache\com.unity.visualscripting@1.8.0\Editor\VisualScripting.Core\Dependencies\YamlDotNet\Unity.VisualScripting.YamlDotNet.dll
Symbol file LoadedFromMemory doesn't match image D:\Unity\PuzzleGame\Library\PackageCache\com.unity.visualscripting@1.8.0\Editor\VisualScripting.Core\Dependencies\DotNetZip\Unity.VisualScripting.IonicZip.dll
Native extension for WindowsStandalone target not found
Native extension for Android target not found
Refreshing native plugins compatible for Editor in 147.72 ms, found 4 plugins.
Preloading 0 native plugins for Editor in 0.00 ms.
Mono: successfully reloaded assembly
- Completed reload, in  4.455 seconds
Domain Reload Profiling:
	ReloadAssembly (4456ms)
		BeginReloadAssembly (176ms)
			ExecutionOrderSort (0ms)
			DisableScriptedObjects (9ms)
			BackupInstance (0ms)
			ReleaseScriptingObjects (0ms)
			CreateAndSetChildDomain (30ms)
		EndReloadAssembly (4102ms)
			LoadAssemblies (1870ms)
			RebuildTransferFunctionScriptingTraits (0ms)
			SetupTypeCache (395ms)
			ReleaseScriptCaches (1ms)
			RebuildScriptCaches (94ms)
			SetupLoadedEditorAssemblies (1666ms)
				LogAssemblyErrors (0ms)
				InitializePlatformSupportModulesInManaged (27ms)
				SetLoadedEditorAssemblies (0ms)
				RefreshPlugins (148ms)
				BeforeProcessingInitializeOnLoad (258ms)
				ProcessInitializeOnLoadAttributes (1149ms)
				ProcessInitializeOnLoadMethodAttributes (68ms)
				AfterProcessingInitializeOnLoad (17ms)
				EditorAssembliesLoaded (0ms)
			ExecutionOrderSort2 (0ms)
			AwakeInstancesAfterBackupRestoration (18ms)
Platform modules already initialized, skipping
========================================================================
Worker process is ready to serve import requests
Launched and connected shader compiler UnityShaderCompiler.exe after 0.09 seconds
Refreshing native plugins compatible for Editor in 1.68 ms, found 4 plugins.
Preloading 0 native plugins for Editor in 0.00 ms.
Unloading 3796 Unused Serialized files (Serialized files now loaded: 0)
Unloading 34 unused Assets / (30.2 KB). Loaded Objects now: 4264.
Memory consumption went from 152.0 MB to 152.0 MB.
Total: 6.267800 ms (FindLiveObjects: 0.768400 ms CreateObjectMapping: 0.346200 ms MarkObjects: 4.833900 ms  DeleteObjects: 0.317800 ms)

AssetImportParameters requested are different than current active one (requested -> active):
  custom:video-decoder-ogg-theora: a1e56fd34408186e4bbccfd4996cb3dc -> 
  custom:container-muxer-webm: aa71ff27fc2769a1b78a27578f13a17b -> 
  custom:container-demuxer-webm: 4f35f7cbe854078d1ac9338744f61a02 -> 
  custom:video-encoder-webm-vp8: eb34c28f22e8b96e1ab97ce403110664 -> 
  custom:audio-encoder-webm-vorbis: bf7c407c2cedff20999df2af8eb42d56 -> 
  custom:framework-win-MediaFoundation: 216162199b28c13a410421893ffa2e32 -> 
  custom:container-demuxer-ogg: 62fdf1f143b41e24485cea50d1cbac27 -> 
  custom:video-decoder-webm-vp8: 9c59270c3fd7afecdb556c50c9e8de78 -> 
  custom:audio-decoder-ogg-vorbis: bf7c407c2cedff20999df2af8eb42d56 -> 
========================================================================
Received Import Request.
  Time since last request: 185474.369509 seconds.
  path: Assets/resource/Minigame/Resource/ShovelKnigt_attack.png
  artifactKey: Guid(e30148d9d4e3e2b479b972e922859d41) Importer(815301076,1909f56bfc062723c751e8b465ee728b)
Start importing Assets/resource/Minigame/Resource/ShovelKnigt_attack.png using Guid(e30148d9d4e3e2b479b972e922859d41) Importer(815301076,1909f56bfc062723c751e8b465ee728b)  -> (artifact id: 'f8f25f7835515351e67c09780653e511') in 0.282402 seconds 
========================================================================
Received Import Request.
  Time since last request: 288.775689 seconds.
  path: Assets/resource/Minigame/Resource/ShovelKnigt_attack 1.png
  artifactKey: Guid(d4f310c814e0f7e41bd152402ffc4a02) Importer(815301076,1909f56bfc062723c751e8b465ee728b)
Start importing Assets/resource/Minigame/Resource/ShovelKnigt_attack 1.png using Guid(d4f310c814e0f7e41bd152402ffc4a02) Importer(815301076,1909f56bfc062723c751e8b465ee728b)  -> (artifact id: 'f264e7b690772b58ac11b413ec27a9b8') in 0.186575 seconds 
========================================================================
Received Import Request.
  Time since last request: 6.199999 seconds.
  path: Assets/resource/Minigame/Resource/ShovelKnigt_attack.png
  artifactKey: Guid(e30148d9d4e3e2b479b972e922859d41) Importer(815301076,1909f56bfc062723c751e8b465ee728b)
Start importing Assets/resource/Minigame/Resource/ShovelKnigt_attack.png using Guid(e30148d9d4e3e2b479b972e922859d41) Importer(815301076,1909f56bfc062723c751e8b465ee728b)  -> (artifact id: 'fab73783213bf8c0dbe0d33a01ac3bcc') in 0.020890 seconds 
========================================================================
Received Import Request.
  Time since last request: 3.663930 seconds.
  path: Assets/resource/Minigame/Resource/ShovelKnigt_attack.png
  artifactKey: Guid(e30148d9d4e3e2b479b972e922859d41) Importer(815301076,1909f56bfc062723c751e8b465ee728b)
Start importing Assets/resource/Minigame/Resource/ShovelKnigt_attack.png using Guid(e30148d9d4e3e2b479b972e922859d41) Importer(815301076,1909f56bfc062723c751e8b465ee728b)  -> (artifact id: '29760102749c45817723851e1f87999a') in 0.024538 seconds 
========================================================================
Received Import Request.
  Time since last request: 11.216186 seconds.
  path: Assets/resource/Minigame/Resource/ShovelKnigt_attack.png
  artifactKey: Guid(e30148d9d4e3e2b479b972e922859d41) Importer(815301076,1909f56bfc062723c751e8b465ee728b)
Start importing Assets/resource/Minigame/Resource/ShovelKnigt_attack.png using Guid(e30148d9d4e3e2b479b972e922859d41) Importer(815301076,1909f56bfc062723c751e8b465ee728b)  -> (artifact id: '0d7c1657c4aa1d325d1a41232fe65bfa') in 0.049141 seconds 
========================================================================
Received Import Request.
  Time since last request: 14.308912 seconds.
  path: Assets/resource/Minigame/Resource/ShovelKnigt_attack.png
  artifactKey: Guid(e30148d9d4e3e2b479b972e922859d41) Importer(815301076,1909f56bfc062723c751e8b465ee728b)
Start importing Assets/resource/Minigame/Resource/ShovelKnigt_attack.png using Guid(e30148d9d4e3e2b479b972e922859d41) Importer(815301076,1909f56bfc062723c751e8b465ee728b)  -> (artifact id: '824ccf65c52c85eaed4e33be92b3be9b') in 0.058166 seconds 
========================================================================
Received Import Request.
  Time since last request: 11.824091 seconds.
  path: Assets/resource/Minigame/Resource/ShovelKnigt_attack.png
  artifactKey: Guid(e30148d9d4e3e2b479b972e922859d41) Importer(815301076,1909f56bfc062723c751e8b465ee728b)
Start importing Assets/resource/Minigame/Resource/ShovelKnigt_attack.png using Guid(e30148d9d4e3e2b479b972e922859d41) Importer(815301076,1909f56bfc062723c751e8b465ee728b)  -> (artifact id: '755415028d73d148517360f58355a315') in 0.027049 seconds 
========================================================================
Received Import Request.
  Time since last request: 10489.539792 seconds.
  path: Assets/Classic Legacy Pack - Village/Enemy
  artifactKey: Guid(2875b3f3b721ccd48bc600849d875dd0) Importer(815301076,1909f56bfc062723c751e8b465ee728b)
Start importing Assets/Classic Legacy Pack - Village/Enemy using Guid(2875b3f3b721ccd48bc600849d875dd0) Importer(815301076,1909f56bfc062723c751e8b465ee728b)  -> (artifact id: 'd53ddff972455dca284c4c35196c0392') in 0.080677 seconds 
========================================================================
Received Import Request.
  Time since last request: 0.806732 seconds.
  path: Assets/Classic Legacy Pack - Village/Enemy/Bone.png
  artifactKey: Guid(4894486c48c574c49a9f0d7ba6fd15aa) Importer(815301076,1909f56bfc062723c751e8b465ee728b)
Start importing Assets/Classic Legacy Pack - Village/Enemy/Bone.png using Guid(4894486c48c574c49a9f0d7ba6fd15aa) Importer(815301076,1909f56bfc062723c751e8b465ee728b)  -> (artifact id: '69b904aac714a95c1c08a73f5343928c') in 0.148492 seconds 
========================================================================
Received Import Request.
  Time since last request: 0.591287 seconds.
  path: Assets/Classic Legacy Pack - Village/Enemy/Skeleton.png
  artifactKey: Guid(40acb5c36cb9b98499ca368f3059cd82) Importer(815301076,1909f56bfc062723c751e8b465ee728b)
Start importing Assets/Classic Legacy Pack - Village/Enemy/Skeleton.png using Guid(40acb5c36cb9b98499ca368f3059cd82) Importer(815301076,1909f56bfc062723c751e8b465ee728b)  -> (artifact id: 'e689c5cea90798eacb796ca3759944f2') in 0.132883 seconds 
========================================================================
Received Import Request.
  Time since last request: 6.525043 seconds.
  path: Assets/Classic Legacy Pack - Village/Environment/Tiles.png
  artifactKey: Guid(a419b29d7ee1f4b45acf54016a814fbb) Importer(815301076,1909f56bfc062723c751e8b465ee728b)
Start importing Assets/Classic Legacy Pack - Village/Environment/Tiles.png using Guid(a419b29d7ee1f4b45acf54016a814fbb) Importer(815301076,1909f56bfc062723c751e8b465ee728b)  -> (artifact id: '0b552916b9dbab7b3b6b16972af68fe9') in 1.507796 seconds 
========================================================================
Received Import Request.
  Time since last request: 229.694410 seconds.
  path: Assets/resource/Minigame/Resource/shovelknight_idle_shine.png
  artifactKey: Guid(6e3321cd332ee914fa79cd592c67eba8) Importer(815301076,1909f56bfc062723c751e8b465ee728b)
Start importing Assets/resource/Minigame/Resource/shovelknight_idle_shine.png using Guid(6e3321cd332ee914fa79cd592c67eba8) Importer(815301076,1909f56bfc062723c751e8b465ee728b)  -> (artifact id: '5a940d22f9b8f4234bd9d9441bb4e64b') in 0.239460 seconds 
========================================================================
Received Import Request.
  Time since last request: 0.445949 seconds.
  path: Assets/resource/Minigame/Resource/objects-Sheet.png
  artifactKey: Guid(431d6de3c4d0ac74db8e8a8d687e1eb6) Importer(815301076,1909f56bfc062723c751e8b465ee728b)
Start importing Assets/resource/Minigame/Resource/objects-Sheet.png using Guid(431d6de3c4d0ac74db8e8a8d687e1eb6) Importer(815301076,1909f56bfc062723c751e8b465ee728b)  -> (artifact id: '496331d74bc519a53898dbda58595b1d') in 0.230831 seconds 
========================================================================
Received Import Request.
  Time since last request: 4.408337 seconds.
  path: Assets/resource/Minigame/Resource/shovelknight_idle_shine.png
  artifactKey: Guid(6e3321cd332ee914fa79cd592c67eba8) Importer(815301076,1909f56bfc062723c751e8b465ee728b)
Start importing Assets/resource/Minigame/Resource/shovelknight_idle_shine.png using Guid(6e3321cd332ee914fa79cd592c67eba8) Importer(815301076,1909f56bfc062723c751e8b465ee728b)  -> (artifact id: '6b0738cf74b032976b1dc938bcab5bd5') in 0.083928 seconds 
========================================================================
Received Import Request.
  Time since last request: 14.648368 seconds.
  path: Assets/resource/Minigame/Resource/shovelknight_idle_shine.png
  artifactKey: Guid(6e3321cd332ee914fa79cd592c67eba8) Importer(815301076,1909f56bfc062723c751e8b465ee728b)
Start importing Assets/resource/Minigame/Resource/shovelknight_idle_shine.png using Guid(6e3321cd332ee914fa79cd592c67eba8) Importer(815301076,1909f56bfc062723c751e8b465ee728b)  -> (artifact id: '91bc82199dba70e881b55c216f5f6e3a') in 1.702989 seconds 
========================================================================
Received Import Request.
  Time since last request: 46.487872 seconds.
  path: Assets/resource/Minigame/Resource/shovelknight_idle_shine.png
  artifactKey: Guid(6e3321cd332ee914fa79cd592c67eba8) Importer(815301076,1909f56bfc062723c751e8b465ee728b)
Start importing Assets/resource/Minigame/Resource/shovelknight_idle_shine.png using Guid(6e3321cd332ee914fa79cd592c67eba8) Importer(815301076,1909f56bfc062723c751e8b465ee728b)  -> (artifact id: 'c9bb603b5feafce366d0ae5339997c5a') in 0.088827 seconds 
========================================================================
Received Import Request.
  Time since last request: 19.201700 seconds.
  path: Assets/resource/Minigame/Resource/shovelknight_idle_shine.png
  artifactKey: Guid(6e3321cd332ee914fa79cd592c67eba8) Importer(815301076,1909f56bfc062723c751e8b465ee728b)
Start importing Assets/resource/Minigame/Resource/shovelknight_idle_shine.png using Guid(6e3321cd332ee914fa79cd592c67eba8) Importer(815301076,1909f56bfc062723c751e8b465ee728b)  -> (artifact id: '9c1a13c6df0b2f2a9f9366316124b9cd') in 0.141890 seconds 
========================================================================
Received Import Request.
  Time since last request: 7.828150 seconds.
  path: Assets/resource/Minigame/Resource/ShovelKnigt_attack.png
  artifactKey: Guid(e30148d9d4e3e2b479b972e922859d41) Importer(815301076,1909f56bfc062723c751e8b465ee728b)
Start importing Assets/resource/Minigame/Resource/ShovelKnigt_attack.png using Guid(e30148d9d4e3e2b479b972e922859d41) Importer(815301076,1909f56bfc062723c751e8b465ee728b)  -> (artifact id: '3e8cb1c1037f363fe688485ca04eed2b') in 1.187066 seconds 
========================================================================
Received Import Request.
  Time since last request: 10.995999 seconds.
  path: Assets/resource/Minigame/Resource/shovelknight_idle_shine.png
  artifactKey: Guid(6e3321cd332ee914fa79cd592c67eba8) Importer(815301076,1909f56bfc062723c751e8b465ee728b)
Start importing Assets/resource/Minigame/Resource/shovelknight_idle_shine.png using Guid(6e3321cd332ee914fa79cd592c67eba8) Importer(815301076,1909f56bfc062723c751e8b465ee728b)  -> (artifact id: 'ddd18a4f669de0eaa1f70791ca9dff2a') in 0.139788 seconds 
========================================================================
Received Prepare
Registering precompiled user dll's ...
Registered in 0.008494 seconds.
Begin MonoManager ReloadAssembly
Symbol file LoadedFromMemory doesn't match image D:\Unity\PuzzleGame\Library\PackageCache\com.unity.visualscripting@1.8.0\Editor\VisualScripting.Core\Dependencies\YamlDotNet\Unity.VisualScripting.YamlDotNet.dll
Symbol file LoadedFromMemory doesn't match image D:\Unity\PuzzleGame\Library\PackageCache\com.unity.visualscripting@1.8.0\Editor\VisualScripting.Core\Dependencies\DotNetZip\Unity.VisualScripting.IonicZip.dll
Native extension for WindowsStandalone target not found
Native extension for Android target not found
Refreshing native plugins compatible for Editor in 3.06 ms, found 4 plugins.
Preloading 0 native plugins for Editor in 0.00 ms.
Mono: successfully reloaded assembly
- Completed reload, in 11.567 seconds
Domain Reload Profiling:
	ReloadAssembly (11582ms)
		BeginReloadAssembly (4289ms)
			ExecutionOrderSort (0ms)
			DisableScriptedObjects (736ms)
			BackupInstance (0ms)
			ReleaseScriptingObjects (0ms)
			CreateAndSetChildDomain (1438ms)
		EndReloadAssembly (6940ms)
			LoadAssemblies (3566ms)
			RebuildTransferFunctionScriptingTraits (58ms)
			SetupTypeCache (2000ms)
			ReleaseScriptCaches (3ms)
			RebuildScriptCaches (148ms)
			SetupLoadedEditorAssemblies (1807ms)
				LogAssemblyErrors (0ms)
				InitializePlatformSupportModulesInManaged (59ms)
				SetLoadedEditorAssemblies (2ms)
				RefreshPlugins (4ms)
				BeforeProcessingInitializeOnLoad (255ms)
				ProcessInitializeOnLoadAttributes (1143ms)
				ProcessInitializeOnLoadMethodAttributes (311ms)
				AfterProcessingInitializeOnLoad (31ms)
				EditorAssembliesLoaded (1ms)
			ExecutionOrderSort2 (0ms)
			AwakeInstancesAfterBackupRestoration (33ms)
Platform modules already initialized, skipping
Refreshing native plugins compatible for Editor in 79.15 ms, found 4 plugins.
Preloading 0 native plugins for Editor in 0.00 ms.
Unloading 3773 Unused Serialized files (Serialized files now loaded: 0)
Unloading 22 unused Assets / (24.6 KB). Loaded Objects now: 4292.
Memory consumption went from 154.2 MB to 154.2 MB.
Total: 48.943600 ms (FindLiveObjects: 0.608200 ms CreateObjectMapping: 0.605200 ms MarkObjects: 47.300800 ms  DeleteObjects: 0.427300 ms)

AssetImportParameters requested are different than current active one (requested -> active):
  custom:video-decoder-ogg-theora: a1e56fd34408186e4bbccfd4996cb3dc -> 
  custom:container-muxer-webm: aa71ff27fc2769a1b78a27578f13a17b -> 
  custom:container-demuxer-webm: 4f35f7cbe854078d1ac9338744f61a02 -> 
  custom:video-encoder-webm-vp8: eb34c28f22e8b96e1ab97ce403110664 -> 
  custom:audio-encoder-webm-vorbis: bf7c407c2cedff20999df2af8eb42d56 -> 
  custom:framework-win-MediaFoundation: 216162199b28c13a410421893ffa2e32 -> 
  custom:container-demuxer-ogg: 62fdf1f143b41e24485cea50d1cbac27 -> 
  custom:video-decoder-webm-vp8: 9c59270c3fd7afecdb556c50c9e8de78 -> 
  custom:audio-decoder-ogg-vorbis: bf7c407c2cedff20999df2af8eb42d56 -> 
========================================================================
Received Prepare
Registering precompiled user dll's ...
Registered in 0.076013 seconds.
Begin MonoManager ReloadAssembly
Symbol file LoadedFromMemory doesn't match image D:\Unity\PuzzleGame\Library\PackageCache\com.unity.visualscripting@1.8.0\Editor\VisualScripting.Core\Dependencies\YamlDotNet\Unity.VisualScripting.YamlDotNet.dll
Symbol file LoadedFromMemory doesn't match image D:\Unity\PuzzleGame\Library\PackageCache\com.unity.visualscripting@1.8.0\Editor\VisualScripting.Core\Dependencies\DotNetZip\Unity.VisualScripting.IonicZip.dll
Native extension for WindowsStandalone target not found
Native extension for Android target not found
Refreshing native plugins compatible for Editor in 1.84 ms, found 4 plugins.
Preloading 0 native plugins for Editor in 0.00 ms.
Mono: successfully reloaded assembly
- Completed reload, in  7.316 seconds
Domain Reload Profiling:
	ReloadAssembly (7331ms)
		BeginReloadAssembly (2832ms)
			ExecutionOrderSort (0ms)
			DisableScriptedObjects (229ms)
			BackupInstance (0ms)
			ReleaseScriptingObjects (1ms)
			CreateAndSetChildDomain (1247ms)
		EndReloadAssembly (3975ms)
			LoadAssemblies (1065ms)
			RebuildTransferFunctionScriptingTraits (0ms)
			SetupTypeCache (1367ms)
			ReleaseScriptCaches (10ms)
			RebuildScriptCaches (283ms)
			SetupLoadedEditorAssemblies (1612ms)
				LogAssemblyErrors (0ms)
				InitializePlatformSupportModulesInManaged (545ms)
				SetLoadedEditorAssemblies (3ms)
				RefreshPlugins (2ms)
				BeforeProcessingInitializeOnLoad (359ms)
				ProcessInitializeOnLoadAttributes (622ms)
				ProcessInitializeOnLoadMethodAttributes (65ms)
				AfterProcessingInitializeOnLoad (16ms)
				EditorAssembliesLoaded (0ms)
			ExecutionOrderSort2 (0ms)
			AwakeInstancesAfterBackupRestoration (20ms)
Platform modules already initialized, skipping
Refreshing native plugins compatible for Editor in 5.36 ms, found 4 plugins.
Preloading 0 native plugins for Editor in 0.00 ms.
Unloading 3773 Unused Serialized files (Serialized files now loaded: 0)
Unloading 22 unused Assets / (24.6 KB). Loaded Objects now: 4295.
Memory consumption went from 154.2 MB to 154.2 MB.
Total: 26.825700 ms (FindLiveObjects: 0.505100 ms CreateObjectMapping: 0.449200 ms MarkObjects: 25.734400 ms  DeleteObjects: 0.135600 ms)

AssetImportParameters requested are different than current active one (requested -> active):
  custom:video-decoder-ogg-theora: a1e56fd34408186e4bbccfd4996cb3dc -> 
  custom:container-muxer-webm: aa71ff27fc2769a1b78a27578f13a17b -> 
  custom:container-demuxer-webm: 4f35f7cbe854078d1ac9338744f61a02 -> 
  custom:video-encoder-webm-vp8: eb34c28f22e8b96e1ab97ce403110664 -> 
  custom:audio-encoder-webm-vorbis: bf7c407c2cedff20999df2af8eb42d56 -> 
  custom:framework-win-MediaFoundation: 216162199b28c13a410421893ffa2e32 -> 
  custom:container-demuxer-ogg: 62fdf1f143b41e24485cea50d1cbac27 -> 
  custom:video-decoder-webm-vp8: 9c59270c3fd7afecdb556c50c9e8de78 -> 
  custom:audio-decoder-ogg-vorbis: bf7c407c2cedff20999df2af8eb42d56 -> 
========================================================================
Received Prepare
Registering precompiled user dll's ...
Registered in 0.010030 seconds.
Begin MonoManager ReloadAssembly
Symbol file LoadedFromMemory doesn't match image D:\Unity\PuzzleGame\Library\PackageCache\com.unity.visualscripting@1.8.0\Editor\VisualScripting.Core\Dependencies\YamlDotNet\Unity.VisualScripting.YamlDotNet.dll
Symbol file LoadedFromMemory doesn't match image D:\Unity\PuzzleGame\Library\PackageCache\com.unity.visualscripting@1.8.0\Editor\VisualScripting.Core\Dependencies\DotNetZip\Unity.VisualScripting.IonicZip.dll
Native extension for WindowsStandalone target not found
Native extension for Android target not found
Refreshing native plugins compatible for Editor in 1.36 ms, found 4 plugins.
Preloading 0 native plugins for Editor in 0.00 ms.
Mono: successfully reloaded assembly
- Completed reload, in  2.483 seconds
Domain Reload Profiling:
	ReloadAssembly (2484ms)
		BeginReloadAssembly (300ms)
			ExecutionOrderSort (0ms)
			DisableScriptedObjects (16ms)
			BackupInstance (0ms)
			ReleaseScriptingObjects (0ms)
			CreateAndSetChildDomain (89ms)
		EndReloadAssembly (2006ms)
			LoadAssemblies (162ms)
			RebuildTransferFunctionScriptingTraits (0ms)
			SetupTypeCache (431ms)
			ReleaseScriptCaches (2ms)
			RebuildScriptCaches (92ms)
			SetupLoadedEditorAssemblies (1222ms)
				LogAssemblyErrors (0ms)
				InitializePlatformSupportModulesInManaged (33ms)
				SetLoadedEditorAssemblies (1ms)
				RefreshPlugins (1ms)
				BeforeProcessingInitializeOnLoad (452ms)
				ProcessInitializeOnLoadAttributes (416ms)
				ProcessInitializeOnLoadMethodAttributes (303ms)
				AfterProcessingInitializeOnLoad (16ms)
				EditorAssembliesLoaded (0ms)
			ExecutionOrderSort2 (0ms)
			AwakeInstancesAfterBackupRestoration (23ms)
Platform modules already initialized, skipping
Refreshing native plugins compatible for Editor in 4.25 ms, found 4 plugins.
Preloading 0 native plugins for Editor in 0.00 ms.
Unloading 3773 Unused Serialized files (Serialized files now loaded: 0)
Unloading 22 unused Assets / (24.6 KB). Loaded Objects now: 4298.
Memory consumption went from 154.2 MB to 154.2 MB.
Total: 13.109700 ms (FindLiveObjects: 3.943200 ms CreateObjectMapping: 1.139400 ms MarkObjects: 7.984600 ms  DeleteObjects: 0.041200 ms)

AssetImportParameters requested are different than current active one (requested -> active):
  custom:video-decoder-ogg-theora: a1e56fd34408186e4bbccfd4996cb3dc -> 
  custom:container-muxer-webm: aa71ff27fc2769a1b78a27578f13a17b -> 
  custom:container-demuxer-webm: 4f35f7cbe854078d1ac9338744f61a02 -> 
  custom:video-encoder-webm-vp8: eb34c28f22e8b96e1ab97ce403110664 -> 
  custom:audio-encoder-webm-vorbis: bf7c407c2cedff20999df2af8eb42d56 -> 
  custom:framework-win-MediaFoundation: 216162199b28c13a410421893ffa2e32 -> 
  custom:container-demuxer-ogg: 62fdf1f143b41e24485cea50d1cbac27 -> 
  custom:video-decoder-webm-vp8: 9c59270c3fd7afecdb556c50c9e8de78 -> 
  custom:audio-decoder-ogg-vorbis: bf7c407c2cedff20999df2af8eb42d56 -> 
========================================================================
Received Prepare
Registering precompiled user dll's ...
Registered in 0.008747 seconds.
Begin MonoManager ReloadAssembly
Symbol file LoadedFromMemory doesn't match image D:\Unity\PuzzleGame\Library\PackageCache\com.unity.visualscripting@1.8.0\Editor\VisualScripting.Core\Dependencies\YamlDotNet\Unity.VisualScripting.YamlDotNet.dll
Symbol file LoadedFromMemory doesn't match image D:\Unity\PuzzleGame\Library\PackageCache\com.unity.visualscripting@1.8.0\Editor\VisualScripting.Core\Dependencies\DotNetZip\Unity.VisualScripting.IonicZip.dll
Native extension for WindowsStandalone target not found
Native extension for Android target not found
Refreshing native plugins compatible for Editor in 2.45 ms, found 4 plugins.
Preloading 0 native plugins for Editor in 0.00 ms.
Mono: successfully reloaded assembly
- Completed reload, in  4.949 seconds
Domain Reload Profiling:
	ReloadAssembly (4950ms)
		BeginReloadAssembly (1437ms)
			ExecutionOrderSort (0ms)
			DisableScriptedObjects (53ms)
			BackupInstance (0ms)
			ReleaseScriptingObjects (0ms)
			CreateAndSetChildDomain (113ms)
		EndReloadAssembly (3274ms)
			LoadAssemblies (2406ms)
			RebuildTransferFunctionScriptingTraits (0ms)
			SetupTypeCache (517ms)
			ReleaseScriptCaches (2ms)
			RebuildScriptCaches (93ms)
			SetupLoadedEditorAssemblies (879ms)
				LogAssemblyErrors (0ms)
				InitializePlatformSupportModulesInManaged (38ms)
				SetLoadedEditorAssemblies (1ms)
				RefreshPlugins (3ms)
				BeforeProcessingInitializeOnLoad (260ms)
				ProcessInitializeOnLoadAttributes (460ms)
				ProcessInitializeOnLoadMethodAttributes (99ms)
				AfterProcessingInitializeOnLoad (18ms)
				EditorAssembliesLoaded (1ms)
			ExecutionOrderSort2 (0ms)
			AwakeInstancesAfterBackupRestoration (181ms)
Platform modules already initialized, skipping
Refreshing native plugins compatible for Editor in 64.65 ms, found 4 plugins.
Preloading 0 native plugins for Editor in 0.00 ms.
Unloading 3773 Unused Serialized files (Serialized files now loaded: 0)
Unloading 22 unused Assets / (24.7 KB). Loaded Objects now: 4301.
Memory consumption went from 154.2 MB to 154.2 MB.
Total: 5.532500 ms (FindLiveObjects: 0.372600 ms CreateObjectMapping: 0.283200 ms MarkObjects: 4.829900 ms  DeleteObjects: 0.046100 ms)

AssetImportParameters requested are different than current active one (requested -> active):
  custom:video-decoder-ogg-theora: a1e56fd34408186e4bbccfd4996cb3dc -> 
  custom:container-muxer-webm: aa71ff27fc2769a1b78a27578f13a17b -> 
  custom:container-demuxer-webm: 4f35f7cbe854078d1ac9338744f61a02 -> 
  custom:video-encoder-webm-vp8: eb34c28f22e8b96e1ab97ce403110664 -> 
  custom:audio-encoder-webm-vorbis: bf7c407c2cedff20999df2af8eb42d56 -> 
  custom:framework-win-MediaFoundation: 216162199b28c13a410421893ffa2e32 -> 
  custom:container-demuxer-ogg: 62fdf1f143b41e24485cea50d1cbac27 -> 
  custom:video-decoder-webm-vp8: 9c59270c3fd7afecdb556c50c9e8de78 -> 
  custom:audio-decoder-ogg-vorbis: bf7c407c2cedff20999df2af8eb42d56 -> 
========================================================================
Received Prepare
Registering precompiled user dll's ...
Registered in 0.917236 seconds.
Begin MonoManager ReloadAssembly
Symbol file LoadedFromMemory doesn't match image D:\Unity\PuzzleGame\Library\PackageCache\com.unity.visualscripting@1.8.0\Editor\VisualScripting.Core\Dependencies\YamlDotNet\Unity.VisualScripting.YamlDotNet.dll
Symbol file LoadedFromMemory doesn't match image D:\Unity\PuzzleGame\Library\PackageCache\com.unity.visualscripting@1.8.0\Editor\VisualScripting.Core\Dependencies\DotNetZip\Unity.VisualScripting.IonicZip.dll
Native extension for WindowsStandalone target not found
Native extension for Android target not found
Refreshing native plugins compatible for Editor in 1.64 ms, found 4 plugins.
Preloading 0 native plugins for Editor in 0.00 ms.
Mono: successfully reloaded assembly
- Completed reload, in  5.903 seconds
Domain Reload Profiling:
	ReloadAssembly (5905ms)
		BeginReloadAssembly (1120ms)
			ExecutionOrderSort (0ms)
			DisableScriptedObjects (64ms)
			BackupInstance (0ms)
			ReleaseScriptingObjects (0ms)
			CreateAndSetChildDomain (538ms)
		EndReloadAssembly (4348ms)
			LoadAssemblies (1589ms)
			RebuildTransferFunctionScriptingTraits (0ms)
			SetupTypeCache (772ms)
			ReleaseScriptCaches (6ms)
			RebuildScriptCaches (133ms)
			SetupLoadedEditorAssemblies (1846ms)
				LogAssemblyErrors (0ms)
				InitializePlatformSupportModulesInManaged (204ms)
				SetLoadedEditorAssemblies (73ms)
				RefreshPlugins (2ms)
				BeforeProcessingInitializeOnLoad (873ms)
				ProcessInitializeOnLoadAttributes (564ms)
				ProcessInitializeOnLoadMethodAttributes (103ms)
				AfterProcessingInitializeOnLoad (27ms)
				EditorAssembliesLoaded (1ms)
			ExecutionOrderSort2 (0ms)
			AwakeInstancesAfterBackupRestoration (37ms)
Platform modules already initialized, skipping
Refreshing native plugins compatible for Editor in 5.30 ms, found 4 plugins.
Preloading 0 native plugins for Editor in 0.00 ms.
Unloading 3773 Unused Serialized files (Serialized files now loaded: 0)
Unloading 22 unused Assets / (24.6 KB). Loaded Objects now: 4304.
Memory consumption went from 154.2 MB to 154.2 MB.
Total: 17.956700 ms (FindLiveObjects: 0.404500 ms CreateObjectMapping: 1.033800 ms MarkObjects: 16.478700 ms  DeleteObjects: 0.038500 ms)

AssetImportParameters requested are different than current active one (requested -> active):
  custom:video-decoder-ogg-theora: a1e56fd34408186e4bbccfd4996cb3dc -> 
  custom:container-muxer-webm: aa71ff27fc2769a1b78a27578f13a17b -> 
  custom:container-demuxer-webm: 4f35f7cbe854078d1ac9338744f61a02 -> 
  custom:video-encoder-webm-vp8: eb34c28f22e8b96e1ab97ce403110664 -> 
  custom:audio-encoder-webm-vorbis: bf7c407c2cedff20999df2af8eb42d56 -> 
  custom:framework-win-MediaFoundation: 216162199b28c13a410421893ffa2e32 -> 
  custom:container-demuxer-ogg: 62fdf1f143b41e24485cea50d1cbac27 -> 
  custom:video-decoder-webm-vp8: 9c59270c3fd7afecdb556c50c9e8de78 -> 
  custom:audio-decoder-ogg-vorbis: bf7c407c2cedff20999df2af8eb42d56 -> 
========================================================================
Received Import Request.
  Time since last request: 2092.211670 seconds.
  path: Assets/resource/Minigame/Resource/shovelknight_running.png
  artifactKey: Guid(2f914ab12e7367f42a2a0b5f8e0aee16) Importer(815301076,1909f56bfc062723c751e8b465ee728b)
Start importing Assets/resource/Minigame/Resource/shovelknight_running.png using Guid(2f914ab12e7367f42a2a0b5f8e0aee16) Importer(815301076,1909f56bfc062723c751e8b465ee728b)  -> (artifact id: '93776a4b96812c8650a8bfb7e2a3a0d2') in 0.524588 seconds 
========================================================================
Received Import Request.
  Time since last request: 10.119195 seconds.
  path: Assets/resource/Minigame/Resource/shovelknight_running.png
  artifactKey: Guid(2f914ab12e7367f42a2a0b5f8e0aee16) Importer(815301076,1909f56bfc062723c751e8b465ee728b)
Start importing Assets/resource/Minigame/Resource/shovelknight_running.png using Guid(2f914ab12e7367f42a2a0b5f8e0aee16) Importer(815301076,1909f56bfc062723c751e8b465ee728b)  -> (artifact id: '33e4f3229b86877dbd7a859ec2fc9040') in 0.034461 seconds 
========================================================================
Received Import Request.
  Time since last request: 8.297183 seconds.
  path: Assets/resource/Minigame/Resource/shovelknight_running.png
  artifactKey: Guid(2f914ab12e7367f42a2a0b5f8e0aee16) Importer(815301076,1909f56bfc062723c751e8b465ee728b)
Start importing Assets/resource/Minigame/Resource/shovelknight_running.png using Guid(2f914ab12e7367f42a2a0b5f8e0aee16) Importer(815301076,1909f56bfc062723c751e8b465ee728b)  -> (artifact id: '669127f552db9367d6f3a435709b6cfa') in 0.021055 seconds 
========================================================================
Received Import Request.
  Time since last request: 37.726505 seconds.
  path: Assets/resource/Minigame/Resource/shovelknight_running.png
  artifactKey: Guid(2f914ab12e7367f42a2a0b5f8e0aee16) Importer(815301076,1909f56bfc062723c751e8b465ee728b)
Start importing Assets/resource/Minigame/Resource/shovelknight_running.png using Guid(2f914ab12e7367f42a2a0b5f8e0aee16) Importer(815301076,1909f56bfc062723c751e8b465ee728b)  -> (artifact id: 'c792aaa5649f5adf0e4202e8760f7a0f') in 0.070594 seconds 
========================================================================
Received Import Request.
  Time since last request: 66.673412 seconds.
  path: Assets/resource/Minigame/Resource/shovelknight_running.png
  artifactKey: Guid(2f914ab12e7367f42a2a0b5f8e0aee16) Importer(815301076,1909f56bfc062723c751e8b465ee728b)
Start importing Assets/resource/Minigame/Resource/shovelknight_running.png using Guid(2f914ab12e7367f42a2a0b5f8e0aee16) Importer(815301076,1909f56bfc062723c751e8b465ee728b)  -> (artifact id: '4cb53cb64f9365c0111a1b7ee2cdb3cd') in 0.056806 seconds 
========================================================================
Received Import Request.
  Time since last request: 35.938345 seconds.
  path: Assets/Player 1.controller
  artifactKey: Guid(661ed952f681ee043ab4e81deaf9b2fa) Importer(815301076,1909f56bfc062723c751e8b465ee728b)
Start importing Assets/Player 1.controller using Guid(661ed952f681ee043ab4e81deaf9b2fa) Importer(815301076,1909f56bfc062723c751e8b465ee728b)  -> (artifact id: '484167e05a4c2c525942daab89f10f05') in 0.159046 seconds 
